<?xml version="1.0" encoding="UTF-8"?>
<testsuite name="servicos.LocacaoServiceTest" time="11.925" tests="20" errors="0" skipped="0" failures="0">
  <properties>
[...]
</properties>
  <testcase name="naoDeveAlugarFilmeSemFilme" classname="servicos.LocacaoServiceTest" time="1.177"/>
  <testcase name="naoDeveAlugarFilmeSemFilme" classname="servicos.LocacaoServiceTest" time="0.958"/>
  <testcase name="naoDeveAlugarFilmeSemEstoque" classname="servicos.LocacaoServiceTest" time="1.176"/>
  <testcase name="naoDeveAlugarFilmeSemEstoque" classname="servicos.LocacaoServiceTest" time="0.962"/>
  <testcase name="deveProrrogarUmaLocacao" classname="servicos.LocacaoServiceTest" time="1.224"/>
  <testcase name="deveProrrogarUmaLocacao" classname="servicos.LocacaoServiceTest" time="1.038"/>
  <testcase name="deveTratarErronoSPC" classname="servicos.LocacaoServiceTest" time="1.166"/>
  <testcase name="deveTratarErronoSPC" classname="servicos.LocacaoServiceTest" time="0.975"/>
  <testcase name="deveEnviarEmailParaLocacoesAtrasadas" classname="servicos.LocacaoServiceTest" time="1.25"/>
  <testcase name="deveEnviarEmailParaLocacoesAtrasadas" classname="servicos.LocacaoServiceTest" time="1.065"/>
  <testcase name="naoDeveAlugarFilmeParaNegativadoSPC" classname="servicos.LocacaoServiceTest" time="1.201"/>
  <testcase name="naoDeveAlugarFilmeParaNegativadoSPC" classname="servicos.LocacaoServiceTest" time="1.017"/>
  <testcase name="deveDevolverNaSegundaAoAlugarNoSabado" classname="servicos.LocacaoServiceTest" time="1.22"/>
  <testcase name="deveDevolverNaSegundaAoAlugarNoSabado" classname="servicos.LocacaoServiceTest" time="1.008"/>
  <testcase name="naoDeveAlugarFilmeSemUsuario" classname="servicos.LocacaoServiceTest" time="1.156"/>
  <testcase name="naoDeveAlugarFilmeSemUsuario" classname="servicos.LocacaoServiceTest" time="0.948"/>
  <testcase name="deveCalcularValorLocacao" classname="servicos.LocacaoServiceTest" time="1.146"/>
  <testcase name="deveCalcularValorLocacao" classname="servicos.LocacaoServiceTest" time="0.914"/>
  <testcase name="deveAlugarFilme" classname="servicos.LocacaoServiceTest" time="1.209"/>
  <testcase name="deveAlugarFilme" classname="servicos.LocacaoServiceTest" time="1.06"/>
</testsuite>